生成启动时间为 2015/6/16 21:57:27。
     1>项目“G:\Source\Git\miniRender\miniRender\miniRender\miniRender.vcxproj”在节点 2 上(Build 个目标)。
     1>ClCompile:
         I:\Program Files (x86)\Microsoft Visual Studio 12.0\VC\bin\x86_amd64\CL.exe /c /Zi /nologo /W3 /WX- /Od /D WIN32 /D _DEBUG /D _WINDOWS /D _UNICODE /D UNICODE /Gm /EHsc /RTC1 /MDd /GS /fp:precise /Zc:wchar_t /Zc:forScope /Fo"x64\Debug\\" /Fd"x64\Debug\vc120.pdb" /Gd /TP /errorReport:prompt Math\cwAABB.cpp Math\cwCircle.cpp Math\cwIntersection.cpp Math\cwMatrix4X4.cpp Math\cwPlane.cpp Math\cwQuaternion.cpp Math\cwRay.cpp
         cwMatrix4X4.cpp
         正在生成代码...
         正在跳过...(未检测到相关更改)
         cwRay.cpp
         cwQuaternion.cpp
         cwPlane.cpp
         cwIntersection.cpp
         cwCircle.cpp
         cwAABB.cpp
       Lib:
         I:\Program Files (x86)\Microsoft Visual Studio 12.0\VC\bin\x86_amd64\Lib.exe /OUT:"G:\Source\Git\miniRender\miniRender\x64\Debug\miniRender.lib" /NOLOGO /MACHINE:X64 x64\Debug\cwAABB.obj
         x64\Debug\cwCircle.obj
         x64\Debug\cwIntersection.obj
         x64\Debug\cwMathUtil.obj
         x64\Debug\cwMatrix4X4.obj
         x64\Debug\cwPlane.obj
         x64\Debug\cwPoint4D.obj
         x64\Debug\cwQuaternion.obj
         x64\Debug\cwRay.obj
         x64\Debug\cwShape.obj
         x64\Debug\cwVector2D.obj
         x64\Debug\cwVector3D.obj
         x64\Debug\cwVector4D.obj
         miniRender.vcxproj -> G:\Source\Git\miniRender\miniRender\x64\Debug\miniRender.lib
     1>已完成生成项目“G:\Source\Git\miniRender\miniRender\miniRender\miniRender.vcxproj”(Build 个目标)的操作。

生成成功。

已用时间 00:00:01.08
